<?xml version="1.0" encoding="UTF-8"?>
<!-- Generated by org.testng.reporters.JUnitXMLReporter -->
<testsuite ignored="4" hostname="Teena" failures="0" tests="1" name="Default test" time="13.402" errors="0" timestamp="2024-04-12T06:41:51 EDT">
  <testcase classname="com.training.testcases.ContactsTest" name="recentContacts" time="3.284"/>
  <testcase classname="com.training.testcases.ContactsTest" name="createNewContacts" time="0.0">
    <ignored/>
  </testcase> <!-- createNewContacts -->
  <testcase classname="com.training.testcases.ContactsTest" name="filterView" time="0.0">
    <ignored/>
  </testcase> <!-- filterView -->
  <testcase classname="com.training.testcases.ContactsTest" name="createNewView" time="0.0">
    <ignored/>
  </testcase> <!-- createNewView -->
  <testcase classname="com.training.testcases.ContactsTest" name="selectViewFromContacts" time="0.0">
    <ignored/>
  </testcase> <!-- selectViewFromContacts -->
</testsuite> <!-- Default test -->
