<?xml version="1.0" encoding="UTF-8"?>
<!-- Generated by org.testng.reporters.JUnitXMLReporter -->
<testsuite ignored="2" hostname="Teena" failures="0" tests="1" name="Default test" time="17.014" errors="0" timestamp="2024-04-11T17:04:22 EDT">
  <testcase classname="com.training.testcases.LeadsTest" name="SelectViewFromDropdownInLeads" time="11.248"/>
  <testcase classname="com.training.testcases.LeadsTest" name="ViewDropdownListContents" time="0.0">
    <ignored/>
  </testcase> <!-- ViewDropdownListContents -->
  <testcase classname="com.training.testcases.LeadsTest" name="leadsTab" time="0.0">
    <ignored/>
  </testcase> <!-- leadsTab -->
</testsuite> <!-- Default test -->
