<?xml version="1.0" encoding="UTF-8"?>
<testng-results ignored="3" total="4" passed="1" failed="0" skipped="0">
  <reporter-output>
  </reporter-output>
  <suite started-at="2024-04-08T12:05:58 EDT" name="Default suite" finished-at="2024-04-08T12:06:07 EDT" duration-ms="9330">
    <groups>
    </groups>
    <test started-at="2024-04-08T12:05:58 EDT" name="Default test" finished-at="2024-04-08T12:06:07 EDT" duration-ms="9330">
      <class name="com.training.testcases.OpportunityTest">
        <test-method is-config="true" signature="beforeTest()[pri:0, instance:com.training.testcases.OpportunityTest@27462a88]" started-at="2024-04-08T12:05:58 EDT" name="beforeTest" finished-at="2024-04-08T12:06:03 EDT" duration-ms="5210" status="PASS">
          <reporter-output>
          </reporter-output>
        </test-method> <!-- beforeTest -->
        <test-method signature="stuckOpportunityLink()[pri:0, instance:com.training.testcases.OpportunityTest@27462a88]" started-at="2024-04-08T12:06:03 EDT" name="stuckOpportunityLink" finished-at="2024-04-08T12:06:07 EDT" duration-ms="3754" status="PASS">
          <reporter-output>
          </reporter-output>
        </test-method> <!-- stuckOpportunityLink -->
        <test-method is-config="true" signature="tearDown()[pri:0, instance:com.training.testcases.OpportunityTest@27462a88]" started-at="2024-04-08T12:06:07 EDT" name="tearDown" finished-at="2024-04-08T12:06:07 EDT" duration-ms="334" status="PASS">
          <reporter-output>
          </reporter-output>
        </test-method> <!-- tearDown -->
      </class> <!-- com.training.testcases.OpportunityTest -->
    </test> <!-- Default test -->
  </suite> <!-- Default suite -->
</testng-results>
