<?xml version="1.0" encoding="UTF-8"?>
<!-- Generated by org.testng.reporters.JUnitXMLReporter -->
<testsuite ignored="0" hostname="Teena" failures="0" tests="8" name="Login" time="20.883" errors="0" timestamp="2024-03-29T23:25:04 EDT">
  <testcase classname="com.training.testcases.InvalidLoginWithErrorMessageTestCase1" name="invalidLogin" time="0.66"/>
  <testcase classname="com.training.testcases.ValidLoginTestCase2" name="validLogin" time="4.391"/>
  <testcase classname="com.training.testcases.CheckRememberMeTestCase3" name="checkRememberme" time="1.635"/>
  <testcase classname="com.training.testcases.CheckRememberMeTestCase3" name="clickOnUserMenu" time="3.203"/>
  <testcase classname="com.training.testcases.CheckRememberMeTestCase3" name="loggingout" time="0.38"/>
  <testcase classname="com.training.testcases.CheckRememberMeTestCase3" name="validationOfTest" time="0.975"/>
  <testcase classname="com.training.testcases.ForgotPasswordTestCase4" name="forgotPasswordTest" time="0.802"/>
  <testcase classname="com.training.testcases.WrongUsernameAndWrongPasswordTestCase5" name="WrongUsernameAndPassword" time="0.371"/>
</testsuite> <!-- Login -->
