<?xml version="1.0" encoding="UTF-8"?>
<!-- Generated by org.testng.reporters.JUnitXMLReporter -->
<testsuite ignored="1" hostname="Teena" failures="0" tests="37" name="LoginTest" time="11.757" errors="0" timestamp="2024-04-16T15:18:50 EDT">
  <testcase classname="com.training.testcases.LeadsTest" name="@BeforeTest beforeTest" time="1.67">
    <failure type="org.openqa.selenium.NoSuchWindowException" message="no such window: target window already closed
from unknown error: web view not found
  (Session info: chrome=123.0.6312.122)
Build info: version: &amp;apos;3.141.59&amp;apos;, revision: &amp;apos;e82be7d358&amp;apos;, time: &amp;apos;2018-11-14T08:17:03&amp;apos;
System info: host: &amp;apos;TEENA&amp;apos;, ip: &amp;apos;192.168.1.5&amp;apos;, os.name: &amp;apos;Windows 11&amp;apos;, os.arch: &amp;apos;amd64&amp;apos;, os.version: &amp;apos;10.0&amp;apos;, java.version: &amp;apos;17.0.10&amp;apos;
Driver info: org.openqa.selenium.chrome.ChromeDriver
Capabilities {acceptInsecureCerts: false, browserName: chrome, browserVersion: 123.0.6312.122, chrome: {chromedriverVersion: 123.0.6312.122 (31f8248cdd9..., userDataDir: C:\Users\teena\AppData\Loca...}, fedcm:accounts: true, goog:chromeOptions: {debuggerAddress: localhost:52461}, javascriptEnabled: true, networkConnectionEnabled: false, pageLoadStrategy: normal, platform: WINDOWS, platformName: WINDOWS, proxy: Proxy(), setWindowRect: true, strictFileInteractability: false, timeouts: {implicit: 0, pageLoad: 300000, script: 30000}, unhandledPromptBehavior: dismiss and notify, webauthn:extension:credBlob: true, webauthn:extension:largeBlob: true, webauthn:extension:minPinLength: true, webauthn:extension:prf: true, webauthn:virtualAuthenticators: true}
Session ID: 59f84c8e8142ee07e342f02eaaa6e306
*** Element info: {Using=id, value=Login}">
      <![CDATA[org.openqa.selenium.NoSuchWindowException: no such window: target window already closed
from unknown error: web view not found
  (Session info: chrome=123.0.6312.122)
Build info: version: '3.141.59', revision: 'e82be7d358', time: '2018-11-14T08:17:03'
System info: host: 'TEENA', ip: '192.168.1.5', os.name: 'Windows 11', os.arch: 'amd64', os.version: '10.0', java.version: '17.0.10'
Driver info: org.openqa.selenium.chrome.ChromeDriver
Capabilities {acceptInsecureCerts: false, browserName: chrome, browserVersion: 123.0.6312.122, chrome: {chromedriverVersion: 123.0.6312.122 (31f8248cdd9..., userDataDir: C:\Users\teena\AppData\Loca...}, fedcm:accounts: true, goog:chromeOptions: {debuggerAddress: localhost:52461}, javascriptEnabled: true, networkConnectionEnabled: false, pageLoadStrategy: normal, platform: WINDOWS, platformName: WINDOWS, proxy: Proxy(), setWindowRect: true, strictFileInteractability: false, timeouts: {implicit: 0, pageLoad: 300000, script: 30000}, unhandledPromptBehavior: dismiss and notify, webauthn:extension:credBlob: true, webauthn:extension:largeBlob: true, webauthn:extension:minPinLength: true, webauthn:extension:prf: true, webauthn:virtualAuthenticators: true}
Session ID: 59f84c8e8142ee07e342f02eaaa6e306
*** Element info: {Using=id, value=Login}
at org.openqa.selenium.remote.http.W3CHttpResponseCodec.createException(W3CHttpResponseCodec.java:187)
at org.openqa.selenium.remote.http.W3CHttpResponseCodec.decode(W3CHttpResponseCodec.java:122)
at org.openqa.selenium.remote.http.W3CHttpResponseCodec.decode(W3CHttpResponseCodec.java:49)
at org.openqa.selenium.remote.HttpCommandExecutor.execute(HttpCommandExecutor.java:158)
at org.openqa.selenium.remote.service.DriverCommandExecutor.execute(DriverCommandExecutor.java:83)
at org.openqa.selenium.remote.RemoteWebDriver.execute(RemoteWebDriver.java:552)
at org.openqa.selenium.remote.RemoteWebDriver.findElement(RemoteWebDriver.java:323)
at org.openqa.selenium.remote.RemoteWebDriver.findElementById(RemoteWebDriver.java:372)
at org.openqa.selenium.By$ById.findElement(By.java:188)
at org.openqa.selenium.remote.RemoteWebDriver.findElement(RemoteWebDriver.java:315)
at org.openqa.selenium.support.pagefactory.DefaultElementLocator.findElement(DefaultElementLocator.java:69)
at org.openqa.selenium.support.pagefactory.internal.LocatingElementHandler.invoke(LocatingElementHandler.java:38)
at jdk.proxy2/jdk.proxy2.$Proxy14.click(Unknown Source)
at com.training.pages.LoginPage.clickLogin(LoginPage.java:53)
at com.training.testcases.LeadsTest.beforeTest(LeadsTest.java:58)
... Removed 29 stack frames]]>
    </failure>
  </testcase> <!-- @BeforeTest beforeTest -->
  <testcase classname="com.training.testcases.OpportunityTest" name="@BeforeTest beforeTest" time="-1.713295130581E9">
    <skipped/>
  </testcase> <!-- @BeforeTest beforeTest -->
  <testcase classname="com.training.testcases.UserMenuTest" name="@BeforeTest beforeTest" time="-1.713295130583E9">
    <skipped/>
  </testcase> <!-- @BeforeTest beforeTest -->
  <testcase classname="com.training.testcases.LoginTest" name="@BeforeMethod beforeMethod" time="-1.713295130615E9">
    <skipped/>
  </testcase> <!-- @BeforeMethod beforeMethod -->
  <testcase classname="com.training.testcases.LoginTest" name="@AfterMethod teardown" time="-1.713295130748E9">
    <skipped/>
  </testcase> <!-- @AfterMethod teardown -->
  <testcase classname="com.training.testcases.LoginTest" name="@BeforeMethod beforeMethod" time="-1.713295130748E9">
    <skipped/>
  </testcase> <!-- @BeforeMethod beforeMethod -->
  <testcase classname="com.training.testcases.LoginTest" name="@AfterMethod teardown" time="-1.713295130748E9">
    <skipped/>
  </testcase> <!-- @AfterMethod teardown -->
  <testcase classname="com.training.testcases.LoginTest" name="@BeforeMethod beforeMethod" time="-1.713295130748E9">
    <skipped/>
  </testcase> <!-- @BeforeMethod beforeMethod -->
  <testcase classname="com.training.testcases.LoginTest" name="@AfterMethod teardown" time="-1.713295130748E9">
    <skipped/>
  </testcase> <!-- @AfterMethod teardown -->
  <testcase classname="com.training.testcases.LoginTest" name="@BeforeMethod beforeMethod" time="-1.713295130764E9">
    <skipped/>
  </testcase> <!-- @BeforeMethod beforeMethod -->
  <testcase classname="com.training.testcases.LoginTest" name="@AfterMethod teardown" time="-1.713295130764E9">
    <skipped/>
  </testcase> <!-- @AfterMethod teardown -->
  <testcase classname="com.training.testcases.LoginTest" name="@BeforeMethod beforeMethod" time="-1.713295130764E9">
    <skipped/>
  </testcase> <!-- @BeforeMethod beforeMethod -->
  <testcase classname="com.training.testcases.LoginTest" name="@AfterMethod teardown" time="-1.713295130764E9">
    <skipped/>
  </testcase> <!-- @AfterMethod teardown -->
  <testcase classname="com.training.testcases.AccountsTest" name="@AfterTest tearDown" time="-1.713295130874E9">
    <skipped/>
  </testcase> <!-- @AfterTest tearDown -->
  <testcase classname="com.training.testcases.ContactsTest" name="@AfterTest tearDown" time="-1.713295130874E9">
    <skipped/>
  </testcase> <!-- @AfterTest tearDown -->
  <testcase classname="com.training.testcases.HomeTest" name="@AfterTest tearDown" time="-1.713295130874E9">
    <skipped/>
  </testcase> <!-- @AfterTest tearDown -->
  <testcase classname="com.training.testcases.LeadsTest" name="@AfterTest tearDown" time="-1.713295130874E9">
    <skipped/>
  </testcase> <!-- @AfterTest tearDown -->
  <testcase classname="com.training.testcases.OpportunityTest" name="@AfterTest tearDown" time="-1.713295130874E9">
    <skipped/>
  </testcase> <!-- @AfterTest tearDown -->
  <testcase classname="com.training.testcases.UserMenuTest" name="@AfterTest teardown" time="-1.713295130874E9">
    <skipped/>
  </testcase> <!-- @AfterTest teardown -->
  <testcase classname="com.training.testcases.LoginTest" name="WrongUsernameAndPassword" time="0.0">
    <skipped/>
  </testcase> <!-- WrongUsernameAndPassword -->
  <testcase classname="com.training.testcases.LoginTest" name="checkRememberme" time="0.0">
    <skipped/>
  </testcase> <!-- checkRememberme -->
  <testcase classname="com.training.testcases.LoginTest" name="forgotPasswordTest" time="0.0">
    <skipped/>
  </testcase> <!-- forgotPasswordTest -->
  <testcase classname="com.training.testcases.LoginTest" name="invalidLogin" time="0.0">
    <skipped/>
  </testcase> <!-- invalidLogin -->
  <testcase classname="com.training.testcases.LoginTest" name="validLogin" time="0.0">
    <skipped/>
  </testcase> <!-- validLogin -->
  <testcase classname="com.training.testcases.OpportunityTest" name="createNewOpportunity" time="0.0">
    <skipped/>
  </testcase> <!-- createNewOpportunity -->
  <testcase classname="com.training.testcases.OpportunityTest" name="opportunityPipelineLink" time="0.0">
    <skipped/>
  </testcase> <!-- opportunityPipelineLink -->
  <testcase classname="com.training.testcases.OpportunityTest" name="quarterlySummary" time="0.0">
    <skipped/>
  </testcase> <!-- quarterlySummary -->
  <testcase classname="com.training.testcases.OpportunityTest" name="stuckOpportunityLink" time="0.0">
    <skipped/>
  </testcase> <!-- stuckOpportunityLink -->
  <testcase classname="com.training.testcases.UserMenuTest" name="developerConsole" time="0.0">
    <skipped/>
  </testcase> <!-- developerConsole -->
  <testcase classname="com.training.testcases.UserMenuTest" name="editProfile" time="0.0">
    <skipped/>
  </testcase> <!-- editProfile -->
  <testcase classname="com.training.testcases.UserMenuTest" name="logout" time="0.0">
    <skipped/>
  </testcase> <!-- logout -->
  <testcase classname="com.training.testcases.UserMenuTest" name="mySettingsUsermenu" time="0.0">
    <skipped/>
  </testcase> <!-- mySettingsUsermenu -->
  <testcase classname="com.training.testcases.UserMenuTest" name="verifyFirstAndLastName" time="0.0">
    <skipped/>
  </testcase> <!-- verifyFirstAndLastName -->
  <testcase classname="com.training.testcases.UserMenuTest" name="verifyFirstAndLastNameAtVAriousPages" time="0.0">
    <skipped/>
  </testcase> <!-- verifyFirstAndLastNameAtVAriousPages -->
  <testcase classname="com.training.testcases.UserMenuTest" name="checkTheOptionsInUserMenu" time="0.0">
    <skipped/>
  </testcase> <!-- checkTheOptionsInUserMenu -->
  <testcase classname="com.training.testcases.LeadsTest" name="SelectViewFromDropdownInLeads" time="0.0">
    <skipped/>
  </testcase> <!-- SelectViewFromDropdownInLeads -->
  <testcase classname="com.training.testcases.LeadsTest" name="ViewDropdownListContents" time="0.0">
    <skipped/>
  </testcase> <!-- ViewDropdownListContents -->
  <testcase classname="com.training.testcases.LeadsTest" name="createNewLead" time="0.0">
    <skipped/>
  </testcase> <!-- createNewLead -->
  <testcase classname="com.training.testcases.LeadsTest" name="leadsTab" time="0.0">
    <skipped/>
  </testcase> <!-- leadsTab -->
  <testcase classname="com.training.testcases.LeadsTest" name="validateTodaysLeadPageIsDisplayed" time="0.0">
    <skipped/>
  </testcase> <!-- validateTodaysLeadPageIsDisplayed -->
  <testcase classname="com.training.testcases.HomeTest" name="blockingAnEventInTheCalendar" time="0.0">
    <skipped/>
  </testcase> <!-- blockingAnEventInTheCalendar -->
  <testcase classname="com.training.testcases.HomeTest" name="blockingAnEventInTheCalendarWithWeeklyRecurrence" time="0.0">
    <skipped/>
  </testcase> <!-- blockingAnEventInTheCalendarWithWeeklyRecurrence -->
  <testcase classname="com.training.testcases.HomeTest" name="customizeMyTab" time="0.0">
    <skipped/>
  </testcase> <!-- customizeMyTab -->
  <testcase classname="com.training.testcases.AccountsTest" name="createAccountReport" time="0.0">
    <skipped/>
  </testcase> <!-- createAccountReport -->
  <testcase classname="com.training.testcases.AccountsTest" name="createNewView" time="0.0">
    <skipped/>
  </testcase> <!-- createNewView -->
  <testcase classname="com.training.testcases.AccountsTest" name="editView" time="0.0">
    <skipped/>
  </testcase> <!-- editView -->
  <testcase classname="com.training.testcases.AccountsTest" name="mergeAccount" time="0.0">
    <skipped/>
  </testcase> <!-- mergeAccount -->
  <testcase classname="com.training.testcases.AccountsTest" name="createAnAccount" time="0.0">
    <skipped/>
  </testcase> <!-- createAnAccount -->
  <testcase classname="com.training.testcases.ContactsTest" name="createNewContacts" time="0.0">
    <skipped/>
  </testcase> <!-- createNewContacts -->
  <testcase classname="com.training.testcases.ContactsTest" name="createNewContacts2" time="0.0">
    <skipped/>
  </testcase> <!-- createNewContacts2 -->
  <testcase classname="com.training.testcases.ContactsTest" name="createNewView" time="0.0">
    <skipped/>
  </testcase> <!-- createNewView -->
  <testcase classname="com.training.testcases.ContactsTest" name="createNewView2" time="0.0">
    <skipped/>
  </testcase> <!-- createNewView2 -->
  <testcase classname="com.training.testcases.ContactsTest" name="createNewViewInContacts" time="0.0">
    <skipped/>
  </testcase> <!-- createNewViewInContacts -->
  <testcase classname="com.training.testcases.ContactsTest" name="filterView" time="0.0">
    <skipped/>
  </testcase> <!-- filterView -->
  <testcase classname="com.training.testcases.ContactsTest" name="recentContacts" time="0.0">
    <skipped/>
  </testcase> <!-- recentContacts -->
  <testcase classname="com.training.testcases.ContactsTest" name="selectViewFromContacts" time="0.0">
    <skipped/>
  </testcase> <!-- selectViewFromContacts -->
  <testcase classname="com.training.testcases.OpportunityTest" name="opportunitiesDropdownTest" time="0.0">
    <ignored/>
  </testcase> <!-- opportunitiesDropdownTest -->
</testsuite> <!-- LoginTest -->
