<?xml version="1.0" encoding="UTF-8"?>
<!-- Generated by org.testng.reporters.JUnitXMLReporter -->
<testsuite ignored="0" hostname="Teena" failures="0" tests="5" name="LoginTest" time="17.679" errors="0" timestamp="2024-05-23T14:15:02 EDT">
  <testcase classname="com.training.testcases.LoginTest" name="WrongUsernameAndPassword" time="0.895"/>
  <testcase classname="com.training.testcases.LoginTest" name="checkRememberme" time="3.657"/>
  <testcase classname="com.training.testcases.LoginTest" name="forgotPasswordTest" time="0.66"/>
  <testcase classname="com.training.testcases.LoginTest" name="invalidLogin" time="0.614"/>
  <testcase classname="com.training.testcases.LoginTest" name="validLogin" time="1.899"/>
</testsuite> <!-- LoginTest -->
