<?xml version="1.0" encoding="UTF-8"?>
<testng-results ignored="0" total="1" passed="1" failed="0" skipped="0">
  <reporter-output>
  </reporter-output>
  <suite started-at="2024-04-11T15:52:43 EDT" name="Default suite" finished-at="2024-04-11T15:52:52 EDT" duration-ms="8299">
    <groups>
    </groups>
    <test started-at="2024-04-11T15:52:43 EDT" name="Default test" finished-at="2024-04-11T15:52:52 EDT" duration-ms="8299">
      <class name="com.training.testcases.LeadsTest">
        <test-method is-config="true" signature="beforeTest()[pri:0, instance:com.training.testcases.LeadsTest@6253c26]" started-at="2024-04-11T15:52:43 EDT" name="beforeTest" finished-at="2024-04-11T15:52:49 EDT" duration-ms="5372" status="PASS">
          <reporter-output>
          </reporter-output>
        </test-method> <!-- beforeTest -->
        <test-method signature="leadsTab()[pri:0, instance:com.training.testcases.LeadsTest@6253c26]" started-at="2024-04-11T15:52:49 EDT" name="leadsTab" finished-at="2024-04-11T15:52:51 EDT" duration-ms="2553" status="PASS">
          <reporter-output>
          </reporter-output>
        </test-method> <!-- leadsTab -->
        <test-method is-config="true" signature="tearDown()[pri:0, instance:com.training.testcases.LeadsTest@6253c26]" started-at="2024-04-11T15:52:51 EDT" name="tearDown" finished-at="2024-04-11T15:52:52 EDT" duration-ms="347" status="PASS">
          <reporter-output>
          </reporter-output>
        </test-method> <!-- tearDown -->
      </class> <!-- com.training.testcases.LeadsTest -->
    </test> <!-- Default test -->
  </suite> <!-- Default suite -->
</testng-results>
