<?xml version="1.0" encoding="UTF-8"?>
<!-- Generated by org.testng.reporters.JUnitXMLReporter -->
<testsuite ignored="3" hostname="Teena" failures="0" tests="1" name="Default test" time="9.33" errors="0" timestamp="2024-04-08T12:06:07 EDT">
  <testcase classname="com.training.testcases.OpportunityTest" name="stuckOpportunityLink" time="3.754"/>
  <testcase classname="com.training.testcases.OpportunityTest" name="opportunityPipelineLink" time="0.0">
    <ignored/>
  </testcase> <!-- opportunityPipelineLink -->
  <testcase classname="com.training.testcases.OpportunityTest" name="createNewOpportunity" time="0.0">
    <ignored/>
  </testcase> <!-- createNewOpportunity -->
  <testcase classname="com.training.testcases.OpportunityTest" name="opportunitiesDropdownTest" time="0.0">
    <ignored/>
  </testcase> <!-- opportunitiesDropdownTest -->
</testsuite> <!-- Default test -->
